<?xml version="1.0" encoding="UTF-8"?>
<!-- Generated by org.testng.reporters.JUnitReportReporter -->
<testsuite name="com.testngDemo.ParameterTest" tests="3" time="0.011" ignored="0" failures="0" timestamp="11 三月 2019 12:48:15 GMT" skipped="0" hostname="LAPTOP-MBQ5PHN2" errors="0">
  <testcase name="test" time="0.001" classname="com.testngDemo.ParameterTest"/>
  <testcase name="test" time="0.008" classname="com.testngDemo.ParameterTest"/>
  <testcase name="test" time="0.002" classname="com.testngDemo.ParameterTest"/>
</testsuite> <!-- com.testngDemo.ParameterTest -->
