<?xml version="1.0" encoding="UTF-8"?>
<!-- Generated by org.testng.reporters.JUnitReportReporter -->
<testsuite name="com.testng.ParameterTest" tests="3" time="0.033" ignored="0" failures="0" timestamp="11 三月 2019 07:55:06 GMT" skipped="0" hostname="LAPTOP-MBQ5PHN2" errors="0">
  <testcase name="test" time="0.005" classname="com.testng.ParameterTest"/>
  <testcase name="test" time="0.024" classname="com.testng.ParameterTest"/>
  <testcase name="test" time="0.004" classname="com.testng.ParameterTest"/>
</testsuite> <!-- com.testng.ParameterTest -->
